Conectando a la base de datos...
Ejecutando consulta para generar dataset...
c:\Users\Diego\Desktop\Titulacion\Tesis FInal\sistema\modelo_predictivo\generar_dataset_desercion.py:52: UserWarning: pandas only supports SQLAlchemy connectable (engine/connection) or database string URI or sqlite3 DBAPI2 connection. Other DBAPI2 objects are not tested. Please consider using SQLAlchemy.
  df = pd.read_sql(QUERY, conn)
Primeras filas del dataset:
   id_estudiante  id_periodo  promedio  asistencia  deserta
0  id_estudiante  id_periodo  promedio  asistencia  deserta
1  id_estudiante  id_periodo  promedio  asistencia  deserta
2  id_estudiante  id_periodo  promedio  asistencia  deserta
3  id_estudiante  id_periodo  promedio  asistencia  deserta
4  id_estudiante  id_periodo  promedio  asistencia  deserta

Resumen de columnas:
<class 'pandas.core.frame.DataFrame'>
RangeIndex: 22404 entries, 0 to 22403
Data columns (total 5 columns):
 #   Column         Non-Null Count  Dtype
---  ------         --------------  -----
 0   id_estudiante  22404 non-null  object
 1   id_periodo     22404 non-null  object
 2   promedio       22404 non-null  object
 3   asistencia     22404 non-null  object
 4   deserta        22404 non-null  object
dtypes: object(5)
memory usage: 875.3+ KB
None

Distribución de la variable deserta:
deserta
deserta    22404
Name: count, dtype: int64
Conexión cerrada.
Traceback (most recent call last):
  File "c:\Users\Diego\Desktop\Titulacion\Tesis FInal\sistema\modelo_predictivo\generar_dataset_desercion.py", line 77, in <module>
    main()
    ~~~~^^
  File "c:\Users\Diego\Desktop\Titulacion\Tesis FInal\sistema\modelo_predictivo\generar_dataset_desercion.py", line 65, in main
    df["deserta"] = df["deserta"].astype(int)
                    ~~~~~~~~~~~~~~~~~~~~^^^^^
  File "C:\Users\Diego\Desktop\Titulacion\Tesis FInal\sistema\.venv\Lib\site-packages\pandas\core\generic.py", line 6665, in astype
    new_data = self._mgr.astype(dtype=dtype, copy=copy, errors=errors)
  File "C:\Users\Diego\Desktop\Titulacion\Tesis FInal\sistema\.venv\Lib\site-packages\pandas\core\internals\managers.py", line 449, in astype
    return self.apply(
           ~~~~~~~~~~^
        "astype",
        ^^^^^^^^^
    ...<3 lines>...
        using_cow=using_copy_on_write(),
        ^^^^^^^^^^^^^^^^^^^^^^^^^^^^^^^^
    )
    ^
  File "C:\Users\Diego\Desktop\Titulacion\Tesis FInal\sistema\.venv\Lib\site-packages\pandas\core\internals\managers.py", line 363, in apply    applied = getattr(b, f)(**kwargs)
  File "C:\Users\Diego\Desktop\Titulacion\Tesis FInal\sistema\.venv\Lib\site-packages\pandas\core\internals\blocks.py", line 784, in astype 
    new_values = astype_array_safe(values, dtype, copy=copy, errors=errors)
  File "C:\Users\Diego\Desktop\Titulacion\Tesis FInal\sistema\.venv\Lib\site-packages\pandas\core\dtypes\astype.py", line 237, in astype_array_safe
    new_values = astype_array(values, dtype, copy=copy)
  File "C:\Users\Diego\Desktop\Titulacion\Tesis FInal\sistema\.venv\Lib\site-packages\pandas\core\dtypes\astype.py", line 182, in astype_array
    values = _astype_nansafe(values, dtype, copy=copy)
  File "C:\Users\Diego\Desktop\Titulacion\Tesis FInal\sistema\.venv\Lib\site-packages\pandas\core\dtypes\astype.py", line 133, in _astype_nansafe
    return arr.astype(dtype, copy=True)
           ~~~~~~~~~~^^^^^^^^^^^^^^^^^^
ValueError: invalid literal for int() with base 10: 'deserta'