Cargando dataset desde: dataset_desercion.csv

Primeras filas del dataset:
   id_estudiante  id_periodo  promedio  asistencia  deserta  fse_puntos fse_clase
0             20           7  4.333333        21.7        1         166         C
1             20           7  4.333333        21.7        1         166         C
2             20           7  4.333333        21.7        1         166         C
3             26           7  7.250000        36.3        1         154         B
4             26           7  7.250000        36.3        1         154         B

Información general del dataset:
<class 'pandas.core.frame.DataFrame'>
RangeIndex: 9650 entries, 0 to 9649
Data columns (total 7 columns):
 #   Column         Non-Null Count  Dtype
---  ------         --------------  -----
 0   id_estudiante  9650 non-null   int64
 1   id_periodo     9650 non-null   int64
 2   promedio       9650 non-null   float64
 3   asistencia     9650 non-null   float64
 4   deserta        9650 non-null   int64
 5   fse_puntos     9650 non-null   int64
 6   fse_clase      9650 non-null   object
dtypes: float64(2), int64(4), object(1)
memory usage: 527.9+ KB
None

Descripción estadística numérica:
       id_estudiante   id_periodo     promedio   asistencia      deserta   fse_puntos
count    9650.000000  9650.000000  9650.000000  9650.000000  9650.000000  9650.000000
mean     2566.690155     8.944870    12.689741    63.451119     0.997306   151.068808
std       752.108963     0.424246     1.860672     9.303218     0.051839     8.837804
min        20.000000     1.000000     1.000000     5.000000     0.000000   106.000000
25%      2226.000000     9.000000    11.666667    58.300000     1.000000   144.000000
50%      2654.000000     9.000000    12.800000    64.000000     1.000000   150.000000
75%      3087.000000     9.000000    14.000000    70.000000     1.000000   156.000000
max      3852.000000     9.000000    17.000000    85.000000     1.000000   180.000000

Distribución de la variable deserta (0 = no deserta, 1 = deserta):
deserta
1    9624
0      26
Name: count, dtype: int64

Tamaño final del dataset después de limpieza: 9650

Ejemplo de X (features):
   promedio  asistencia  fse_puntos  fse_clase_num
0  4.333333        21.7         166              2
1  4.333333        21.7         166              2
2  4.333333        21.7         166              2
3  7.250000        36.3         154              1
4  7.250000        36.3         154              1

Ejemplo de y (target):
0    1
1    1
2    1
3    1
4    1
Name: deserta, dtype: int64

Tamaño X_train: 7720
Tamaño X_test:  1930

Entrenando modelo XGBoost...
Entrenamiento completado.

Matriz de confusión:
[[   4    1]
 [   0 1925]]

Reporte de clasificación:
              precision    recall  f1-score   support

           0       1.00      0.80      0.89         5
           1       1.00      1.00      1.00      1925

    accuracy                           1.00      1930
   macro avg       1.00      0.90      0.94      1930
weighted avg       1.00      1.00      1.00      1930

AUC-ROC: 0.9999

Importancia de variables:
  promedio: 0.3138
  asistencia: 0.2670
  fse_puntos: 0.2424
  fse_clase_num: 0.1769

✅ Modelo guardado como: modelo_desercion_fse.pkl